2026-04-04 22:13:55,351 INFO o.a.j.u.JMeterUtils: Setting Locale to en_EN
2026-04-04 22:13:55,410 INFO o.a.j.JMeter: Loading user properties from: /usr/local/Cellar/jmeter/5.6.3/libexec/bin/user.properties
2026-04-04 22:13:55,412 INFO o.a.j.JMeter: Loading system properties from: /usr/local/Cellar/jmeter/5.6.3/libexec/bin/system.properties
2026-04-04 22:13:55,420 INFO o.a.j.JMeter: Copyright (c) 1998-2024 The Apache Software Foundation
2026-04-04 22:13:55,420 INFO o.a.j.JMeter: Version 5.6.3
2026-04-04 22:13:55,420 INFO o.a.j.JMeter: java.version=21.0.10
2026-04-04 22:13:55,421 INFO o.a.j.JMeter: java.vm.name=OpenJDK 64-Bit Server VM
2026-04-04 22:13:55,421 INFO o.a.j.JMeter: os.name=Mac OS X
2026-04-04 22:13:55,421 INFO o.a.j.JMeter: os.arch=x86_64
2026-04-04 22:13:55,421 INFO o.a.j.JMeter: os.version=26.3.1
2026-04-04 22:13:55,421 INFO o.a.j.JMeter: file.encoding=UTF-8
2026-04-04 22:13:55,421 INFO o.a.j.JMeter: java.awt.headless=null
2026-04-04 22:13:55,421 INFO o.a.j.JMeter: Max memory     =1073741824
2026-04-04 22:13:55,421 INFO o.a.j.JMeter: Available Processors =8
2026-04-04 22:13:55,435 INFO o.a.j.JMeter: Default Locale=English (EN)
2026-04-04 22:13:55,436 INFO o.a.j.JMeter: JMeter  Locale=English (EN)
2026-04-04 22:13:55,436 INFO o.a.j.JMeter: JMeterHome=/usr/local/Cellar/jmeter/5.6.3/libexec
2026-04-04 22:13:55,436 INFO o.a.j.JMeter: user.dir  =/Users/michaelzhou/Documents/github/michael-zhou-qa-portfolio
2026-04-04 22:13:55,436 INFO o.a.j.JMeter: PWD       =/Users/michaelzhou/Documents/github/michael-zhou-qa-portfolio
2026-04-04 22:13:55,450 INFO o.a.j.JMeter: IP: 192.168.0.140 Name: MacBook-Pro.local FullName: 192.168.0.140
